Using pre-set license

 COMMAND LINE ARGUMENTS:
/Applications/Unity/Hub/Editor/2020.2.1f1/Unity.app/Contents/MacOS/Unity
-adb2
-batchMode
-noUpm
-name
AssetImportWorker1
-projectPath
/Users/taavetmaask/Projects/DS-Voyager-controller
-logFile
Logs/AssetImportWorker1.log
-srvPort
49593
Successfully changed project path to: /Users/taavetmaask/Projects/DS-Voyager-controller
/Users/taavetmaask/Projects/DS-Voyager-controller
Using Asset Import Pipeline V2.
Refreshing native plugins compatible for Editor in 149.32 ms, found 3 plugins.
Preloading 0 native plugins for Editor in 0.00 ms.
Initialize engine version: 2020.2.1f1 (270dd8c3da1c)
[Subsystems] Discovering subsystems at path /Applications/Unity/Hub/Editor/2020.2.1f1/Unity.app/Contents/Resources/UnitySubsystems
[Subsystems] Discovering subsystems at path /Users/taavetmaask/Projects/DS-Voyager-controller/Assets
GfxDevice: creating device client; threaded=0
2021-03-02 11:33:20.551 Unity[2235:50783] Color LCD preferred device: AMD Radeon Pro 560X (high power)
2021-03-02 11:33:20.551 Unity[2235:50783] Metal devices available: 2
2021-03-02 11:33:20.552 Unity[2235:50783] 0: AMD Radeon Pro 560X (high power)
2021-03-02 11:33:20.552 Unity[2235:50783] 1: Intel(R) UHD Graphics 630 (low power)
2021-03-02 11:33:20.552 Unity[2235:50783] Using device AMD Radeon Pro 560X (high power)
Initializing Metal device caps: AMD Radeon Pro 560X
Shader 'Universal Render Pipeline/Particles/Lit': fallback shader 'Universal Render Pipeline/Particles/SimpleLit' not found
Initialize mono
Mono path[0] = '/Applications/Unity/Hub/Editor/2020.2.1f1/Unity.app/Contents/Managed'
Mono path[1] = '/Applications/Unity/Hub/Editor/2020.2.1f1/Unity.app/Contents/MonoBleedingEdge/lib/mono/unityjit'
Mono config path = '/Applications/Unity/Hub/Editor/2020.2.1f1/Unity.app/Contents/MonoBleedingEdge/etc'
Using monoOptions --debugger-agent=transport=dt_socket,embedding=1,server=y,suspend=n,address=127.0.0.1:56235
Begin MonoManager ReloadAssembly
Registering precompiled unity dll's ...
Register platform support module: /Applications/Unity/Hub/Editor/2020.2.1f1/Unity.app/Contents/PlaybackEngines/MacStandaloneSupport/UnityEditor.OSXStandalone.Extensions.dll
Registered in 0.000460 seconds.
Native extension for OSXStandalone target not found
Refreshing native plugins compatible for Editor in 58.40 ms, found 3 plugins.
Preloading 0 native plugins for Editor in 0.00 ms.
Invoked RoslynAnalysisRunner static constructor.
RoslynAnalysisRunner will not be running.
RoslynAnalysisRunner has terminated.
Mono: successfully reloaded assembly
- Completed reload, in  1.539 seconds
Platform modules already initialized, skipping
Registering precompiled user dll's ...
Registered in 0.003026 seconds.
Begin MonoManager ReloadAssembly
Native extension for OSXStandalone target not found
Refreshing native plugins compatible for Editor in 49.29 ms, found 3 plugins.
Preloading 0 native plugins for Editor in 0.00 ms.
Invoked RoslynAnalysisRunner static constructor.
RoslynAnalysisRunner will not be running.
RoslynAnalysisRunner has terminated.
Mono: successfully reloaded assembly
- Completed reload, in  1.387 seconds
Platform modules already initialized, skipping
========================================================================
Worker process is ready to serve import requests
Shader 'Universal Render Pipeline/Particles/Lit': fallback shader 'Universal Render Pipeline/Particles/SimpleLit' not found
Launching external process: /Applications/Unity/Hub/Editor/2020.2.1f1/Unity.app/Contents/Tools/UnityShaderCompiler
Launched and connected shader compiler UnityShaderCompiler after 0.02 seconds
Refreshing native plugins compatible for Editor in 1.45 ms, found 3 plugins.
Preloading 0 native plugins for Editor in 0.00 ms.
Unloading 2426 Unused Serialized files (Serialized files now loaded: 0)
System memory in use before: 177.5 MB.
System memory in use after: 177.7 MB.

Unloading 165 unused Assets to reduce memory usage. Loaded Objects now: 2718.
Total: 3.297735 ms (FindLiveObjects: 0.288279 ms CreateObjectMapping: 0.150726 ms MarkObjects: 2.748804 ms  DeleteObjects: 0.107963 ms)

========================================================================
Received Import Request.
  path: Assets/Scripts/_User Interface/_Menus/SetEffectMenu.cs
  artifactKey: Guid(ed3875a34dfab400b99ed0b8ba1b45b3) Importer(815301076,1909f56bfc062723c751e8b465ee728b)
Start importing Assets/Scripts/_User Interface/_Menus/SetEffectMenu.cs using Guid(ed3875a34dfab400b99ed0b8ba1b45b3) Importer(815301076,1909f56bfc062723c751e8b465ee728b)  -> (artifact id: '66a2c94e5899e26408b1d1feb5f77f74') in 0.342470 seconds
  Import took 0.347263 seconds .

========================================================================
Received Import Request.
  Time since last request: 46.611343 seconds.
  path: Assets/Scripts/_User Interface/_Menus/SetEffectMenu.cs
  artifactKey: Guid(ed3875a34dfab400b99ed0b8ba1b45b3) Importer(815301076,1909f56bfc062723c751e8b465ee728b)
Start importing Assets/Scripts/_User Interface/_Menus/SetEffectMenu.cs using Guid(ed3875a34dfab400b99ed0b8ba1b45b3) Importer(815301076,1909f56bfc062723c751e8b465ee728b)  -> (artifact id: 'b8fad687842be18ef54027fafe0d0609') in 0.006850 seconds
  Import took 0.012328 seconds .

========================================================================
Received Prepare
Registering precompiled user dll's ...
Registered in 0.002638 seconds.
Begin MonoManager ReloadAssembly
Native extension for OSXStandalone target not found
Refreshing native plugins compatible for Editor in 1.22 ms, found 3 plugins.
Preloading 0 native plugins for Editor in 0.00 ms.
Invoked RoslynAnalysisRunner static constructor.
RoslynAnalysisRunner will not be running.
RoslynAnalysisRunner has terminated.
Mono: successfully reloaded assembly
- Completed reload, in  1.317 seconds
Platform modules already initialized, skipping
Shader 'Universal Render Pipeline/Particles/Lit': fallback shader 'Universal Render Pipeline/Particles/SimpleLit' not found
Refreshing native plugins compatible for Editor in 1.26 ms, found 3 plugins.
Preloading 0 native plugins for Editor in 0.00 ms.
Unloading 2314 Unused Serialized files (Serialized files now loaded: 0)
System memory in use before: 181.5 MB.
System memory in use after: 181.7 MB.

Unloading 160 unused Assets to reduce memory usage. Loaded Objects now: 2720.
Total: 2.263132 ms (FindLiveObjects: 0.248120 ms CreateObjectMapping: 0.090195 ms MarkObjects: 1.880953 ms  DeleteObjects: 0.043165 ms)

========================================================================
Received Prepare
Registering precompiled user dll's ...
Registered in 0.002624 seconds.
Begin MonoManager ReloadAssembly
Native extension for OSXStandalone target not found
Refreshing native plugins compatible for Editor in 1.20 ms, found 3 plugins.
Preloading 0 native plugins for Editor in 0.00 ms.
Invoked RoslynAnalysisRunner static constructor.
RoslynAnalysisRunner will not be running.
RoslynAnalysisRunner has terminated.
Mono: successfully reloaded assembly
- Completed reload, in  1.263 seconds
Platform modules already initialized, skipping
Shader 'Universal Render Pipeline/Particles/Lit': fallback shader 'Universal Render Pipeline/Particles/SimpleLit' not found
Refreshing native plugins compatible for Editor in 1.26 ms, found 3 plugins.
Preloading 0 native plugins for Editor in 0.00 ms.
Unloading 2315 Unused Serialized files (Serialized files now loaded: 0)
System memory in use before: 183.0 MB.
System memory in use after: 183.2 MB.

Unloading 160 unused Assets to reduce memory usage. Loaded Objects now: 2722.
Total: 2.825882 ms (FindLiveObjects: 0.275114 ms CreateObjectMapping: 0.186960 ms MarkObjects: 2.312787 ms  DeleteObjects: 0.049517 ms)

========================================================================
Received Prepare
Registering precompiled user dll's ...
Registered in 0.002717 seconds.
Begin MonoManager ReloadAssembly
Native extension for OSXStandalone target not found
Refreshing native plugins compatible for Editor in 1.45 ms, found 3 plugins.
Preloading 0 native plugins for Editor in 0.00 ms.
Invoked RoslynAnalysisRunner static constructor.
RoslynAnalysisRunner will not be running.
RoslynAnalysisRunner has terminated.
Mono: successfully reloaded assembly
- Completed reload, in  1.220 seconds
Platform modules already initialized, skipping
Shader 'Universal Render Pipeline/Particles/Lit': fallback shader 'Universal Render Pipeline/Particles/SimpleLit' not found
Refreshing native plugins compatible for Editor in 1.23 ms, found 3 plugins.
Preloading 0 native plugins for Editor in 0.00 ms.
Unloading 2315 Unused Serialized files (Serialized files now loaded: 0)
System memory in use before: 183.5 MB.
System memory in use after: 183.7 MB.

Unloading 160 unused Assets to reduce memory usage. Loaded Objects now: 2724.
Total: 2.538480 ms (FindLiveObjects: 0.264820 ms CreateObjectMapping: 0.111933 ms MarkObjects: 2.117686 ms  DeleteObjects: 0.042646 ms)

========================================================================
Received Prepare
Registering precompiled user dll's ...
Registered in 0.002740 seconds.
Begin MonoManager ReloadAssembly
Native extension for OSXStandalone target not found
Refreshing native plugins compatible for Editor in 1.23 ms, found 3 plugins.
Preloading 0 native plugins for Editor in 0.00 ms.
Invoked RoslynAnalysisRunner static constructor.
RoslynAnalysisRunner will not be running.
RoslynAnalysisRunner has terminated.
Mono: successfully reloaded assembly
- Completed reload, in  1.389 seconds
Platform modules already initialized, skipping
Shader 'Universal Render Pipeline/Particles/Lit': fallback shader 'Universal Render Pipeline/Particles/SimpleLit' not found
Refreshing native plugins compatible for Editor in 1.65 ms, found 3 plugins.
Preloading 0 native plugins for Editor in 0.00 ms.
Unloading 2315 Unused Serialized files (Serialized files now loaded: 0)
System memory in use before: 183.9 MB.
System memory in use after: 184.1 MB.

Unloading 160 unused Assets to reduce memory usage. Loaded Objects now: 2726.
Total: 2.953753 ms (FindLiveObjects: 0.280009 ms CreateObjectMapping: 0.132612 ms MarkObjects: 2.482379 ms  DeleteObjects: 0.057390 ms)

========================================================================
Received Prepare
Registering precompiled user dll's ...
Registered in 0.002803 seconds.
Begin MonoManager ReloadAssembly
Native extension for OSXStandalone target not found
Refreshing native plugins compatible for Editor in 1.23 ms, found 3 plugins.
Preloading 0 native plugins for Editor in 0.00 ms.
Invoked RoslynAnalysisRunner static constructor.
RoslynAnalysisRunner will not be running.
RoslynAnalysisRunner has terminated.
Mono: successfully reloaded assembly
- Completed reload, in  1.311 seconds
Platform modules already initialized, skipping
Shader 'Universal Render Pipeline/Particles/Lit': fallback shader 'Universal Render Pipeline/Particles/SimpleLit' not found
Refreshing native plugins compatible for Editor in 1.23 ms, found 3 plugins.
Preloading 0 native plugins for Editor in 0.00 ms.
Unloading 2315 Unused Serialized files (Serialized files now loaded: 0)
System memory in use before: 184.3 MB.
System memory in use after: 184.5 MB.

Unloading 160 unused Assets to reduce memory usage. Loaded Objects now: 2728.
Total: 2.586158 ms (FindLiveObjects: 0.231496 ms CreateObjectMapping: 0.111557 ms MarkObjects: 2.200266 ms  DeleteObjects: 0.041918 ms)

========================================================================
Received Prepare
Registering precompiled user dll's ...
Registered in 0.002606 seconds.
Begin MonoManager ReloadAssembly
Native extension for OSXStandalone target not found
Refreshing native plugins compatible for Editor in 1.20 ms, found 3 plugins.
Preloading 0 native plugins for Editor in 0.00 ms.
Invoked RoslynAnalysisRunner static constructor.
RoslynAnalysisRunner will not be running.
RoslynAnalysisRunner has terminated.
Mono: successfully reloaded assembly
- Completed reload, in  1.248 seconds
Platform modules already initialized, skipping
Shader 'Universal Render Pipeline/Particles/Lit': fallback shader 'Universal Render Pipeline/Particles/SimpleLit' not found
Refreshing native plugins compatible for Editor in 1.24 ms, found 3 plugins.
Preloading 0 native plugins for Editor in 0.00 ms.
Unloading 2315 Unused Serialized files (Serialized files now loaded: 0)
System memory in use before: 184.9 MB.
System memory in use after: 185.1 MB.

Unloading 160 unused Assets to reduce memory usage. Loaded Objects now: 2730.
Total: 2.699795 ms (FindLiveObjects: 0.267572 ms CreateObjectMapping: 0.130743 ms MarkObjects: 2.240132 ms  DeleteObjects: 0.059992 ms)

========================================================================
Received Prepare
Registering precompiled user dll's ...
Registered in 0.002620 seconds.
Begin MonoManager ReloadAssembly
Native extension for OSXStandalone target not found
Refreshing native plugins compatible for Editor in 1.21 ms, found 3 plugins.
Preloading 0 native plugins for Editor in 0.00 ms.
Invoked RoslynAnalysisRunner static constructor.
RoslynAnalysisRunner will not be running.
RoslynAnalysisRunner has terminated.
Mono: successfully reloaded assembly
- Completed reload, in  1.338 seconds
Platform modules already initialized, skipping
Shader 'Universal Render Pipeline/Particles/Lit': fallback shader 'Universal Render Pipeline/Particles/SimpleLit' not found
Refreshing native plugins compatible for Editor in 1.33 ms, found 3 plugins.
Preloading 0 native plugins for Editor in 0.00 ms.
Unloading 2315 Unused Serialized files (Serialized files now loaded: 0)
System memory in use before: 185.3 MB.
System memory in use after: 185.5 MB.

Unloading 160 unused Assets to reduce memory usage. Loaded Objects now: 2732.
Total: 2.835922 ms (FindLiveObjects: 0.313418 ms CreateObjectMapping: 0.132155 ms MarkObjects: 2.333781 ms  DeleteObjects: 0.055004 ms)

========================================================================
Received Prepare
Registering precompiled user dll's ...
Registered in 0.002730 seconds.
Begin MonoManager ReloadAssembly
Native extension for OSXStandalone target not found
Refreshing native plugins compatible for Editor in 1.57 ms, found 3 plugins.
Preloading 0 native plugins for Editor in 0.00 ms.
Invoked RoslynAnalysisRunner static constructor.
RoslynAnalysisRunner will not be running.
RoslynAnalysisRunner has terminated.
Mono: successfully reloaded assembly
- Completed reload, in  1.424 seconds
Platform modules already initialized, skipping
Shader 'Universal Render Pipeline/Particles/Lit': fallback shader 'Universal Render Pipeline/Particles/SimpleLit' not found
Refreshing native plugins compatible for Editor in 1.20 ms, found 3 plugins.
Preloading 0 native plugins for Editor in 0.00 ms.
Unloading 2315 Unused Serialized files (Serialized files now loaded: 0)
System memory in use before: 185.8 MB.
System memory in use after: 186.0 MB.

Unloading 160 unused Assets to reduce memory usage. Loaded Objects now: 2734.
Total: 3.551469 ms (FindLiveObjects: 0.319318 ms CreateObjectMapping: 0.142943 ms MarkObjects: 3.033050 ms  DeleteObjects: 0.054721 ms)

========================================================================
Received Prepare
Registering precompiled user dll's ...
Registered in 0.002723 seconds.
Begin MonoManager ReloadAssembly
Native extension for OSXStandalone target not found
Refreshing native plugins compatible for Editor in 1.29 ms, found 3 plugins.
Preloading 0 native plugins for Editor in 0.00 ms.
Invoked RoslynAnalysisRunner static constructor.
RoslynAnalysisRunner will not be running.
RoslynAnalysisRunner has terminated.
Mono: successfully reloaded assembly
- Completed reload, in  1.476 seconds
Platform modules already initialized, skipping
Shader 'Universal Render Pipeline/Particles/Lit': fallback shader 'Universal Render Pipeline/Particles/SimpleLit' not found
Refreshing native plugins compatible for Editor in 1.32 ms, found 3 plugins.
Preloading 0 native plugins for Editor in 0.00 ms.
Unloading 2315 Unused Serialized files (Serialized files now loaded: 0)
System memory in use before: 186.3 MB.
System memory in use after: 186.5 MB.

Unloading 160 unused Assets to reduce memory usage. Loaded Objects now: 2736.
Total: 3.296796 ms (FindLiveObjects: 0.426155 ms CreateObjectMapping: 0.222935 ms MarkObjects: 2.560389 ms  DeleteObjects: 0.085222 ms)

========================================================================
Received Prepare
Registering precompiled user dll's ...
Registered in 0.002640 seconds.
Begin MonoManager ReloadAssembly
Native extension for OSXStandalone target not found
Refreshing native plugins compatible for Editor in 1.70 ms, found 3 plugins.
Preloading 0 native plugins for Editor in 0.00 ms.
Invoked RoslynAnalysisRunner static constructor.
RoslynAnalysisRunner will not be running.
RoslynAnalysisRunner has terminated.
Mono: successfully reloaded assembly
- Completed reload, in  1.648 seconds
Platform modules already initialized, skipping
Shader 'Universal Render Pipeline/Particles/Lit': fallback shader 'Universal Render Pipeline/Particles/SimpleLit' not found
Refreshing native plugins compatible for Editor in 1.58 ms, found 3 plugins.
Preloading 0 native plugins for Editor in 0.00 ms.
Unloading 2315 Unused Serialized files (Serialized files now loaded: 0)
System memory in use before: 186.7 MB.
System memory in use after: 186.9 MB.

Unloading 160 unused Assets to reduce memory usage. Loaded Objects now: 2738.
Total: 3.471076 ms (FindLiveObjects: 0.377377 ms CreateObjectMapping: 0.265579 ms MarkObjects: 2.765922 ms  DeleteObjects: 0.059735 ms)

========================================================================
Received Prepare
Registering precompiled user dll's ...
Registered in 0.002635 seconds.
Begin MonoManager ReloadAssembly
Native extension for OSXStandalone target not found
Refreshing native plugins compatible for Editor in 1.34 ms, found 3 plugins.
Preloading 0 native plugins for Editor in 0.00 ms.
Invoked RoslynAnalysisRunner static constructor.
RoslynAnalysisRunner will not be running.
RoslynAnalysisRunner has terminated.
Mono: successfully reloaded assembly
- Completed reload, in  1.359 seconds
Platform modules already initialized, skipping
Shader 'Universal Render Pipeline/Particles/Lit': fallback shader 'Universal Render Pipeline/Particles/SimpleLit' not found
Refreshing native plugins compatible for Editor in 1.32 ms, found 3 plugins.
Preloading 0 native plugins for Editor in 0.00 ms.
Unloading 2315 Unused Serialized files (Serialized files now loaded: 0)
System memory in use before: 187.2 MB.
System memory in use after: 187.5 MB.

Unloading 160 unused Assets to reduce memory usage. Loaded Objects now: 2740.
Total: 2.727604 ms (FindLiveObjects: 0.287713 ms CreateObjectMapping: 0.121025 ms MarkObjects: 2.263134 ms  DeleteObjects: 0.054696 ms)

========================================================================
Received Prepare
Registering precompiled user dll's ...
Registered in 0.002753 seconds.
Begin MonoManager ReloadAssembly
Native extension for OSXStandalone target not found
Refreshing native plugins compatible for Editor in 1.54 ms, found 3 plugins.
Preloading 0 native plugins for Editor in 0.00 ms.
Invoked RoslynAnalysisRunner static constructor.
RoslynAnalysisRunner will not be running.
RoslynAnalysisRunner has terminated.
Mono: successfully reloaded assembly
- Completed reload, in  1.651 seconds
Platform modules already initialized, skipping
Shader 'Universal Render Pipeline/Particles/Lit': fallback shader 'Universal Render Pipeline/Particles/SimpleLit' not found
Refreshing native plugins compatible for Editor in 1.69 ms, found 3 plugins.
Preloading 0 native plugins for Editor in 0.00 ms.
Unloading 2315 Unused Serialized files (Serialized files now loaded: 0)
System memory in use before: 187.7 MB.
System memory in use after: 187.9 MB.

Unloading 160 unused Assets to reduce memory usage. Loaded Objects now: 2742.
Total: 3.650030 ms (FindLiveObjects: 0.266818 ms CreateObjectMapping: 0.111644 ms MarkObjects: 3.149657 ms  DeleteObjects: 0.120225 ms)

========================================================================
Received Prepare
Registering precompiled user dll's ...
Registered in 0.008875 seconds.
Begin MonoManager ReloadAssembly
Native extension for OSXStandalone target not found
Refreshing native plugins compatible for Editor in 1.22 ms, found 3 plugins.
Preloading 0 native plugins for Editor in 0.00 ms.
Invoked RoslynAnalysisRunner static constructor.
RoslynAnalysisRunner will not be running.
RoslynAnalysisRunner has terminated.
Mono: successfully reloaded assembly
- Completed reload, in  1.301 seconds
Platform modules already initialized, skipping
Shader 'Universal Render Pipeline/Particles/Lit': fallback shader 'Universal Render Pipeline/Particles/SimpleLit' not found
Refreshing native plugins compatible for Editor in 1.26 ms, found 3 plugins.
Preloading 0 native plugins for Editor in 0.00 ms.
Unloading 2315 Unused Serialized files (Serialized files now loaded: 0)
System memory in use before: 188.2 MB.
System memory in use after: 188.4 MB.

Unloading 160 unused Assets to reduce memory usage. Loaded Objects now: 2744.
Total: 2.222095 ms (FindLiveObjects: 0.317679 ms CreateObjectMapping: 0.090210 ms MarkObjects: 1.780258 ms  DeleteObjects: 0.033140 ms)

